<?xml version="1.0" encoding="UTF-8"?>
<testsuite xmlns:xsi="http://www.w3.org/2001/XMLSchema-instance" xsi:noNamespaceSchemaLocation="https://maven.apache.org/surefire/maven-surefire-plugin/xsd/surefire-test-report.xsd" name="runner.TestRunner" time="53.978" tests="14" errors="0" skipped="0" failures="0">
  <properties>
[...]
</properties>
  <testcase name="Login with valid credentials #1" classname="Login Funcionality" time="4.769"/>
  <testcase name="Login with valid credentials #2" classname="Login Funcionality" time="3.52"/>
  <testcase name="Login with valid credentials #3" classname="Login Funcionality" time="3.406"/>
  <testcase name="Login with invalid credentials" classname="Login Funcionality" time="3.784"/>
  <testcase name="Login with valid email and invalid password" classname="Login Funcionality" time="3.232"/>
  <testcase name="Login with invalid email and valid password" classname="Login Funcionality" time="3.799"/>
  <testcase name="Login without providing any credentials" classname="Login Funcionality" time="3.216"/>
  <testcase name="User creates an account only with mandatory field" classname="Registration functionality" time="4.063"/>
  <testcase name="User creates an account with all field" classname="Registration functionality" time="4.274"/>
  <testcase name="User creates a duplicate account" classname="Registration functionality" time="4.253"/>
  <testcase name="User creates an account without filling any details" classname="Registration functionality" time="4.129"/>
  <testcase name="User searches for a valid product" classname="Search functionality" time="3.408"/>
  <testcase name="User searches for an invalid product" classname="Search functionality" time="2.913"/>
  <testcase name="User searches without any product" classname="Search functionality" time="2.581"/>
</testsuite>